This file contains any messages produced by compilers while
running configure, to aid debugging if configure makes a mistake.

It was created by libxc configure 3.0.1, which was
generated by GNU Autoconf 2.69.  Invocation command line was

  $ ./configure --prefix=/work/home/xinyu/workplace/PhdProgram/aresPy/ares_lib/LIBXC/libxc-3.0.1 --with-pic CC=icc FC=ifort

## --------- ##
## Platform. ##
## --------- ##

hostname = ln01
uname -m = x86_64
uname -r = 3.10.0-862.el7.x86_64
uname -s = Linux
uname -v = #1 SMP Fri Apr 20 16:44:24 UTC 2018

/usr/bin/uname -p = x86_64
/bin/uname -X     = unknown

/bin/arch              = x86_64
/usr/bin/arch -k       = unknown
/usr/convex/getsysinfo = unknown
/usr/bin/hostinfo      = unknown
/bin/machine           = unknown
/usr/bin/oslevel       = unknown
/bin/universe          = unknown

PATH: /work/software/q-e-qe-6.5/bin
PATH: /work/software/intel2018/compilers_and_libraries_2018.3.222/linux/mpi/intel64/bin
PATH: /work/software/intel2018/compilers_and_libraries_2018.3.222/linux/bin/intel64
PATH: /work/software/intel2018/compilers_and_libraries_2018.3.222/linux/mpi/intel64/bin
PATH: /work/home/xinyu/soft/XinYuEnv/bin
PATH: /work/software/CALYPSO_x64/Tools/CALYPSO_ANALYSIS_KIT
PATH: /work/home/xinyu/.vscode-server/bin/c722ca6c7eed3d7987c0d5c3df5c45f6b15e77d1/bin/remote-cli
PATH: /work/software/q-e-qe-6.5/bin
PATH: /work/software/intel2018/compilers_and_libraries_2018.3.222/linux/mpi/intel64/bin
PATH: /work/software/intel2018/compilers_and_libraries_2018.3.222/linux/bin/intel64
PATH: /work/software/intel2018/compilers_and_libraries_2018.3.222/linux/mpi/intel64/bin
PATH: /work/software/miniconda2/bin
PATH: /work/software/miniconda2/condabin
PATH: /work/software/miniconda2/bin
PATH: /usr/lib64/qt-3.3/bin
PATH: /work/home/xinyu/perl5/bin
PATH: /work/software/CALYPSO_x64/Tools/CALYPSO_ANALYSIS_KIT
PATH: /usr/local/bin
PATH: /usr/bin
PATH: /opt/ibutils/bin


## ----------- ##
## Core tests. ##
## ----------- ##

configure:2567: checking for a BSD-compatible install
configure:2635: result: /usr/bin/install -c
configure:2646: checking whether build environment is sane
configure:2701: result: yes
configure:2852: checking for a thread-safe mkdir -p
configure:2891: result: /usr/bin/mkdir -p
configure:2898: checking for gawk
configure:2914: found /usr/bin/gawk
configure:2925: result: gawk
configure:2936: checking whether make sets $(MAKE)
configure:2958: result: yes
configure:2987: checking whether make supports nested variables
configure:3004: result: yes
configure:3178: checking for a sed that does not truncate output
configure:3255: result: /usr/bin/sed
configure:3332: checking build system type
configure:3346: result: x86_64-unknown-linux-gnu
configure:3366: checking host system type
configure:3379: result: x86_64-unknown-linux-gnu
configure:3420: checking how to print strings
configure:3447: result: printf
configure:3480: checking for style of include used by make
configure:3508: result: GNU
configure:3579: checking for gcc
configure:3606: result: icc
configure:3835: checking for C compiler version
configure:3844: icc --version >&5
icc (ICC) 18.0.3 20180410
Copyright (C) 1985-2018 Intel Corporation.  All rights reserved.

configure:3855: $? = 0
configure:3844: icc -v >&5
icc version 18.0.3 (gcc version 4.8.5 compatibility)
configure:3855: $? = 0
configure:3844: icc -V >&5
Intel(R) C Intel(R) 64 Compiler for applications running on Intel(R) 64, Version 18.0.3.222 Build 20180410
Copyright (C) 1985-2018 Intel Corporation.  All rights reserved.

configure:3855: $? = 0
configure:3844: icc -qversion >&5
icc: command line warning #10006: ignoring unknown option '-qversion'
icc: command line error: no files specified; for help type "icc -help"
configure:3855: $? = 1
configure:3875: checking whether the C compiler works
configure:3897: icc    conftest.c  >&5
configure:3901: $? = 0
configure:3949: result: yes
configure:3952: checking for C compiler default output file name
configure:3954: result: a.out
configure:3960: checking for suffix of executables
configure:3967: icc -o conftest    conftest.c  >&5
configure:3971: $? = 0
configure:3993: result: 
configure:4015: checking whether we are cross compiling
configure:4023: icc -o conftest    conftest.c  >&5
configure:4027: $? = 0
configure:4034: ./conftest
configure:4038: $? = 0
configure:4053: result: no
configure:4058: checking for suffix of object files
configure:4080: icc -c   conftest.c >&5
configure:4084: $? = 0
configure:4105: result: o
configure:4109: checking whether we are using the GNU C compiler
configure:4128: icc -c   conftest.c >&5
configure:4128: $? = 0
configure:4137: result: yes
configure:4146: checking whether icc accepts -g
configure:4166: icc -c -g  conftest.c >&5
configure:4166: $? = 0
configure:4207: result: yes
configure:4224: checking for icc option to accept ISO C89
configure:4287: icc  -c -g -O2  conftest.c >&5
configure:4287: $? = 0
configure:4300: result: none needed
configure:4325: checking whether icc understands -c and -o together
configure:4347: icc -c conftest.c -o conftest2.o
configure:4350: $? = 0
configure:4347: icc -c conftest.c -o conftest2.o
configure:4350: $? = 0
configure:4362: result: yes
configure:4381: checking dependency style of icc
configure:4492: result: gcc3
configure:4507: checking for a sed that does not truncate output
configure:4584: result: /usr/bin/sed
configure:4602: checking for grep that handles long lines and -e
configure:4661: result: /usr/bin/grep
configure:4666: checking for egrep
configure:4729: result: /usr/bin/grep -E
configure:4734: checking for fgrep
configure:4797: result: /usr/bin/grep -F
configure:4832: checking for ld used by icc
configure:4899: result: /usr/bin/ld
configure:4906: checking if the linker (/usr/bin/ld) is GNU ld
configure:4921: result: yes
configure:4933: checking for BSD- or MS-compatible name lister (nm)
configure:4987: result: /usr/bin/nm -B
configure:5117: checking the name lister (/usr/bin/nm -B) interface
configure:5124: icc -c -g -O2  conftest.c >&5
configure:5127: /usr/bin/nm -B "conftest.o"
configure:5130: output
0000000000000000 N .debug_info_seg
0000000000000000 B some_variable
configure:5137: result: BSD nm
configure:5140: checking whether ln -s works
configure:5144: result: yes
configure:5152: checking the maximum length of command line arguments
configure:5283: result: 3458764513820540925
configure:5331: checking how to convert x86_64-unknown-linux-gnu file names to x86_64-unknown-linux-gnu format
configure:5371: result: func_convert_file_noop
configure:5378: checking how to convert x86_64-unknown-linux-gnu file names to toolchain format
configure:5398: result: func_convert_file_noop
configure:5405: checking for /usr/bin/ld option to reload object files
configure:5412: result: -r
configure:5486: checking for objdump
configure:5502: found /usr/bin/objdump
configure:5513: result: objdump
configure:5545: checking how to recognize dependent libraries
configure:5745: result: pass_all
configure:5830: checking for dlltool
configure:5860: result: no
configure:5890: checking how to associate runtime and link libraries
configure:5917: result: printf %s\n
configure:5978: checking for ar
configure:5994: found /usr/bin/ar
configure:6005: result: ar
configure:6042: checking for archiver @FILE support
configure:6059: icc -c -g -O2  conftest.c >&5
configure:6059: $? = 0
configure:6062: ar cru libconftest.a @conftest.lst >&5
configure:6065: $? = 0
configure:6070: ar cru libconftest.a @conftest.lst >&5
ar: conftest.o: No such file or directory
configure:6073: $? = 1
configure:6085: result: @
configure:6143: checking for strip
configure:6159: found /usr/bin/strip
configure:6170: result: strip
configure:6242: checking for ranlib
configure:6258: found /usr/bin/ranlib
configure:6269: result: ranlib
configure:6371: checking command to parse /usr/bin/nm -B output from icc object
configure:6524: icc -c -g -O2  conftest.c >&5
configure:6527: $? = 0
configure:6531: /usr/bin/nm -B conftest.o \| sed -n -e 's/^.*[ ]\([ABCDGIRSTW][ABCDGIRSTW]*\)[ ][ ]*\([_A-Za-z][_A-Za-z0-9]*\)$/\1 \2 \2/p' | sed '/ __gnu_lto/d' \> conftest.nm
configure:6534: $? = 0
configure:6600: icc -o conftest -g -O2   conftest.c conftstm.o >&5
configure:6603: $? = 0
configure:6641: result: ok
configure:6688: checking for sysroot
configure:6718: result: no
configure:6725: checking for a working dd
configure:6763: result: /usr/bin/dd
configure:6767: checking how to truncate binary pipes
configure:6782: result: /usr/bin/dd bs=4096 count=1
configure:6918: icc -c -g -O2  conftest.c >&5
configure:6921: $? = 0
configure:7111: checking for mt
configure:7127: found /usr/bin/mt
configure:7138: result: mt
configure:7161: checking if mt is a manifest tool
configure:7167: mt '-?'
usage: mt [-v] [--version] [-h] [ -f device ] command [ count ]
configure:7175: result: no
configure:7852: checking how to run the C preprocessor
configure:7883: icc -E  conftest.c
configure:7883: $? = 0
configure:7897: icc -E  conftest.c
conftest.c(11): error #2379: cannot open source file "ac_nonexistent.h"
  #include <ac_nonexistent.h>
                             ^

configure:7897: $? = 2
configure: failed program was:
| /* confdefs.h */
| #define PACKAGE_NAME "libxc"
| #define PACKAGE_TARNAME "libxc"
| #define PACKAGE_VERSION "3.0.1"
| #define PACKAGE_STRING "libxc 3.0.1"
| #define PACKAGE_BUGREPORT "libxc@tddft.org"
| #define PACKAGE_URL "http://www.tddft.org/programs/Libxc"
| #define PACKAGE "libxc"
| #define VERSION "3.0.1"
| /* end confdefs.h.  */
| #include <ac_nonexistent.h>
configure:7922: result: icc -E
configure:7942: icc -E  conftest.c
configure:7942: $? = 0
configure:7956: icc -E  conftest.c
conftest.c(11): error #2379: cannot open source file "ac_nonexistent.h"
  #include <ac_nonexistent.h>
                             ^

configure:7956: $? = 2
configure: failed program was:
| /* confdefs.h */
| #define PACKAGE_NAME "libxc"
| #define PACKAGE_TARNAME "libxc"
| #define PACKAGE_VERSION "3.0.1"
| #define PACKAGE_STRING "libxc 3.0.1"
| #define PACKAGE_BUGREPORT "libxc@tddft.org"
| #define PACKAGE_URL "http://www.tddft.org/programs/Libxc"
| #define PACKAGE "libxc"
| #define VERSION "3.0.1"
| /* end confdefs.h.  */
| #include <ac_nonexistent.h>
configure:7985: checking for ANSI C header files
configure:8005: icc -c -g -O2  conftest.c >&5
configure:8005: $? = 0
configure:8078: icc -o conftest -g -O2   conftest.c  >&5
configure:8078: $? = 0
configure:8078: ./conftest
configure:8078: $? = 0
configure:8089: result: yes
configure:8102: checking for sys/types.h
configure:8102: icc -c -g -O2  conftest.c >&5
configure:8102: $? = 0
configure:8102: result: yes
configure:8102: checking for sys/stat.h
configure:8102: icc -c -g -O2  conftest.c >&5
configure:8102: $? = 0
configure:8102: result: yes
configure:8102: checking for stdlib.h
configure:8102: icc -c -g -O2  conftest.c >&5
configure:8102: $? = 0
configure:8102: result: yes
configure:8102: checking for string.h
configure:8102: icc -c -g -O2  conftest.c >&5
configure:8102: $? = 0
configure:8102: result: yes
configure:8102: checking for memory.h
configure:8102: icc -c -g -O2  conftest.c >&5
configure:8102: $? = 0
configure:8102: result: yes
configure:8102: checking for strings.h
configure:8102: icc -c -g -O2  conftest.c >&5
configure:8102: $? = 0
configure:8102: result: yes
configure:8102: checking for inttypes.h
configure:8102: icc -c -g -O2  conftest.c >&5
configure:8102: $? = 0
configure:8102: result: yes
configure:8102: checking for stdint.h
configure:8102: icc -c -g -O2  conftest.c >&5
configure:8102: $? = 0
configure:8102: result: yes
configure:8102: checking for unistd.h
configure:8102: icc -c -g -O2  conftest.c >&5
configure:8102: $? = 0
configure:8102: result: yes
configure:8116: checking for dlfcn.h
configure:8116: icc -c -g -O2  conftest.c >&5
configure:8116: $? = 0
configure:8116: result: yes
configure:8342: checking for objdir
configure:8357: result: .libs
configure:8621: checking if icc supports -fno-rtti -fno-exceptions
configure:8639: icc -c -g -O2  -fno-rtti -fno-exceptions conftest.c >&5
configure:8643: $? = 0
configure:8656: result: yes
configure:9014: checking for icc option to produce PIC
configure:9021: result: -fPIC -DPIC
configure:9029: checking if icc PIC flag -fPIC -DPIC works
configure:9047: icc -c -g -O2  -fPIC -DPIC -DPIC conftest.c >&5
configure:9051: $? = 0
configure:9064: result: yes
configure:9093: checking if icc static flag -static works
configure:9121: result: yes
configure:9136: checking if icc supports -c -o file.o
configure:9157: icc -c -g -O2  -o out/conftest2.o conftest.c >&5
configure:9161: $? = 0
configure:9183: result: yes
configure:9191: checking if icc supports -c -o file.o
configure:9238: result: yes
configure:9271: checking whether the icc linker (/usr/bin/ld -m elf_x86_64) supports shared libraries
configure:10530: result: yes
configure:10770: checking dynamic linker characteristics
configure:11351: icc -o conftest -g -O2   -Wl,-rpath -Wl,/foo conftest.c  >&5
configure:11351: $? = 0
configure:11588: result: GNU/Linux ld.so
configure:11710: checking how to hardcode library paths into programs
configure:11735: result: immediate
configure:12283: checking whether stripping libraries is possible
configure:12288: result: yes
configure:12323: checking if libtool supports shared libraries
configure:12325: result: yes
configure:12328: checking whether to build shared libraries
configure:12353: result: no
configure:12356: checking whether to build static libraries
configure:12360: result: yes
configure:12447: checking for gcc
configure:12474: result: icc
configure:12703: checking for C compiler version
configure:12712: icc --version >&5
icc (ICC) 18.0.3 20180410
Copyright (C) 1985-2018 Intel Corporation.  All rights reserved.

configure:12723: $? = 0
configure:12712: icc -v >&5
icc version 18.0.3 (gcc version 4.8.5 compatibility)
configure:12723: $? = 0
configure:12712: icc -V >&5
Intel(R) C Intel(R) 64 Compiler for applications running on Intel(R) 64, Version 18.0.3.222 Build 20180410
Copyright (C) 1985-2018 Intel Corporation.  All rights reserved.

configure:12723: $? = 0
configure:12712: icc -qversion >&5
icc: command line warning #10006: ignoring unknown option '-qversion'
icc: command line error: no files specified; for help type "icc -help"
configure:12723: $? = 1
configure:12727: checking whether we are using the GNU C compiler
configure:12755: result: yes
configure:12764: checking whether icc accepts -g
configure:12825: result: yes
configure:12842: checking for icc option to accept ISO C89
configure:12918: result: none needed
configure:12943: checking whether icc understands -c and -o together
configure:12980: result: yes
configure:12999: checking dependency style of icc
configure:13110: result: gcc3
configure:13127: checking for inline
configure:13143: icc -c -g -O2  conftest.c >&5
configure:13143: $? = 0
configure:13151: result: inline
configure:13171: checking for ANSI C header files
configure:13275: result: yes
configure:13283: checking for size_t
configure:13283: icc -c -g -O2  conftest.c >&5
configure:13283: $? = 0
configure:13283: icc -c -g -O2  conftest.c >&5
conftest.c(60): error: expected an expression
  if (sizeof ((size_t)))
                      ^

compilation aborted for conftest.c (code 2)
configure:13283: $? = 2
configure: failed program was:
| /* confdefs.h */
| #define PACKAGE_NAME "libxc"
| #define PACKAGE_TARNAME "libxc"
| #define PACKAGE_VERSION "3.0.1"
| #define PACKAGE_STRING "libxc 3.0.1"
| #define PACKAGE_BUGREPORT "libxc@tddft.org"
| #define PACKAGE_URL "http://www.tddft.org/programs/Libxc"
| #define PACKAGE "libxc"
| #define VERSION "3.0.1"
| #define STDC_HEADERS 1
| #define HAVE_SYS_TYPES_H 1
| #define HAVE_SYS_STAT_H 1
| #define HAVE_STDLIB_H 1
| #define HAVE_STRING_H 1
| #define HAVE_MEMORY_H 1
| #define HAVE_STRINGS_H 1
| #define HAVE_INTTYPES_H 1
| #define HAVE_STDINT_H 1
| #define HAVE_UNISTD_H 1
| #define HAVE_DLFCN_H 1
| #define LT_OBJDIR ".libs/"
| #define STDC_HEADERS 1
| /* end confdefs.h.  */
| #include <stdio.h>
| #ifdef HAVE_SYS_TYPES_H
| # include <sys/types.h>
| #endif
| #ifdef HAVE_SYS_STAT_H
| # include <sys/stat.h>
| #endif
| #ifdef STDC_HEADERS
| # include <stdlib.h>
| # include <stddef.h>
| #else
| # ifdef HAVE_STDLIB_H
| #  include <stdlib.h>
| # endif
| #endif
| #ifdef HAVE_STRING_H
| # if !defined STDC_HEADERS && defined HAVE_MEMORY_H
| #  include <memory.h>
| # endif
| # include <string.h>
| #endif
| #ifdef HAVE_STRINGS_H
| # include <strings.h>
| #endif
| #ifdef HAVE_INTTYPES_H
| # include <inttypes.h>
| #endif
| #ifdef HAVE_STDINT_H
| # include <stdint.h>
| #endif
| #ifdef HAVE_UNISTD_H
| # include <unistd.h>
| #endif
| int
| main ()
| {
| if (sizeof ((size_t)))
| 	    return 0;
|   ;
|   return 0;
| }
configure:13283: result: yes
configure:13296: checking for working alloca.h
configure:13313: icc -o conftest -g -O2   conftest.c  >&5
configure:13313: $? = 0
configure:13321: result: yes
configure:13329: checking for alloca
configure:13366: icc -o conftest -g -O2   conftest.c  >&5
configure:13366: $? = 0
configure:13374: result: yes
configure:13486: checking size of void*
configure:13491: icc -o conftest -g -O2   conftest.c  >&5
configure:13491: $? = 0
configure:13491: ./conftest
configure:13491: $? = 0
configure:13505: result: 8
configure:13517: checking for sqrtf in -lm
configure:13542: icc -o conftest -g -O2   conftest.c -lm   >&5
configure:13542: $? = 0
configure:13551: result: yes
configure:13559: checking for cbrt in -lm
configure:13584: icc -o conftest -g -O2   conftest.c -lm   >&5
configure:13584: $? = 0
configure:13593: result: yes
configure:13601: checking for cbrtf in -lm
configure:13626: icc -o conftest -g -O2   conftest.c -lm   >&5
configure:13626: $? = 0
configure:13635: result: yes
configure:13643: checking for feenableexcept in -lm
configure:13668: icc -o conftest -g -O2   conftest.c -lm   >&5
configure:13668: $? = 0
configure:13677: result: yes
configure:13815: checking for Fortran compiler version
configure:13824: ifort --version >&5
ifort (IFORT) 18.0.3 20180410
Copyright (C) 1985-2018 Intel Corporation.  All rights reserved.

configure:13835: $? = 0
configure:13824: ifort -v >&5
ifort version 18.0.3
configure:13835: $? = 0
configure:13824: ifort -V >&5
Intel(R) Fortran Intel(R) 64 Compiler for applications running on Intel(R) 64, Version 18.0.3.222 Build 20180410
Copyright (C) 1985-2018 Intel Corporation.  All rights reserved.

configure:13835: $? = 0
configure:13824: ifort -qversion >&5
ifort: command line warning #10006: ignoring unknown option '-qversion'
ifort: command line error: no files specified; for help type "ifort -help"
configure:13835: $? = 1
configure:13844: checking whether we are using the GNU Fortran compiler
configure:13857: ifort -c   conftest.F >&5
conftest.F(3): error #5082: Syntax error, found END-OF-STATEMENT when expecting one of: => = . [ % ( :
       choke me
---------------^
compilation aborted for conftest.F (code 1)
configure:13857: $? = 1
configure: failed program was:
|       program main
| #ifndef __GNUC__
|        choke me
| #endif
| 
|       end
configure:13866: result: no
configure:13872: checking whether ifort accepts -g
configure:13883: ifort -c -g  conftest.f >&5
configure:13883: $? = 0
configure:13891: result: yes
configure:14033: checking if libtool supports shared libraries
configure:14035: result: yes
configure:14038: checking whether to build shared libraries
configure:14062: result: no
configure:14065: checking whether to build static libraries
configure:14069: result: yes
configure:14103: ifort -c -g  conftest.f >&5
configure:14106: $? = 0
configure:14584: checking for ifort option to produce PIC
configure:14591: result: -fPIC
configure:14599: checking if ifort PIC flag -fPIC works
configure:14617: ifort -c -g -fPIC  conftest.f >&5
configure:14621: $? = 0
configure:14634: result: yes
configure:14657: checking if ifort static flag -static works
configure:14685: result: yes
configure:14697: checking if ifort supports -c -o file.o
configure:14718: ifort -c -g -o out/conftest2.o  conftest.f >&5
configure:14722: $? = 0
configure:14744: result: yes
configure:14749: checking if ifort supports -c -o file.o
configure:14796: result: yes
configure:14826: checking whether the ifort linker (/usr/bin/ld -m elf_x86_64) supports shared libraries
configure:16035: result: yes
configure:16176: checking dynamic linker characteristics
configure:16915: result: GNU/Linux ld.so
configure:16980: checking how to hardcode library paths into programs
configure:17005: result: immediate
configure:17051: checking for Fortran flag to compile .f90 files
configure:17071: ifort -c -g  conftest.f90 >&5
configure:17071: $? = 0
configure:17080: result: none
configure:17177: Using FCFLAGS="-u -fpp1 -nbs -pc80 -pad -align -unroll -O3 -ip -no-fp-port -mno-ieee-fp -vec-report0 -no-prec-div"
configure:17191: checking whether /lib/cpp is usable for Fortran preprocessing
configure:17247: result: preprocessor mangles C++ style comment
configure:17191: checking whether /lib/cpp -ansi is usable for Fortran preprocessing
configure:17254: result: yes
configure:17275: checking how to get verbose linking output from ifort
configure:17285: ifort -c -u -fpp1 -nbs -pc80 -pad -align -unroll -O3 -ip -no-fp-port -mno-ieee-fp -vec-report0 -no-prec-div  conftest.f90 >&5
ifort: command line remark #10128: invalid value '1' for '-fpp'; ignoring
ifort: command line remark #10148: option '-vec-report0' not supported
configure:17285: $? = 0
configure:17303: ifort -o conftest -u -fpp1 -nbs -pc80 -pad -align -unroll -O3 -ip -no-fp-port -mno-ieee-fp -vec-report0 -no-prec-div -v conftest.f90
ifort: command line remark #10128: invalid value '1' for '-fpp'; ignoring
ifort: command line remark #10148: option '-vec-report0' not supported
ifort version 18.0.3
/work/software/intel2018/compilers_and_libraries_2018.3.222/linux/bin/intel64/fpp    -D__INTEL_COMPILER=1800 -D__INTEL_COMPILER_UPDATE=3 -D__unix__ -D__unix -D__linux__ -D__linux -D__gnu_linux__ -Dunix -Dlinux -D__ELF__ -D__x86_64 -D__x86_64__ -D__amd64 -D__amd64__ -D__INTEL_COMPILER_BUILD_DATE=20180410 -D__INTEL_OFFLOAD -D__i686 -D__i686__ -D__pentiumpro -D__pentiumpro__ -D__pentium4 -D__pentium4__ -D__tune_pentium4__ -D__SSE2__ -D__SSE2_MATH__ -D__SSE__ -D__SSE_MATH__ -D__MMX__ -I. -I/work/software/intel2018/compilers_and_libraries_2018.3.222/linux/mkl/include -I/work/software/intel2018/compilers_and_libraries_2018.3.222/linux/ipp/include -I/work/software/intel2018/compilers_and_libraries_2018.3.222/linux/mkl/include -I/work/software/intel2018/compilers_and_libraries_2018.3.222/linux/pstl/include -I/work/software/intel2018/compilers_and_libraries_2018.3.222/linux/tbb/include -I/work/software/intel2018/compilers_and_libraries_2018.3.222/linux/tbb/include -I/work/software/intel2018/compilers_and_libraries_2018.3.222/linux/daal/include -I/work/software/intel2018/compilers_and_libraries_2018.3.222/linux/mkl/include -I/work/software/intel2018/compilers_and_libraries_2018.3.222/linux/ipp/include -I/work/software/intel2018/compilers_and_libraries_2018.3.222/linux/mkl/include -I/work/software/intel2018/compilers_and_libraries_2018.3.222/linux/pstl/include -I/work/software/intel2018/compilers_and_libraries_2018.3.222/linux/tbb/include -I/work/software/intel2018/compilers_and_libraries_2018.3.222/linux/tbb/include -I/work/software/intel2018/compilers_and_libraries_2018.3.222/linux/daal/include -I/work/software/intel2018/compilers_and_libraries_2018.3.222/linux/compiler/include/intel64 -I/work/software/intel2018/compilers_and_libraries_2018.3.222/linux/compiler/include/icc -I/work/software/intel2018/compilers_and_libraries_2018.3.222/linux/compiler/include -I/usr/local/include -I/usr/lib/gcc/x86_64-redhat-linux/4.8.5/include -I/usr/include/ -I/usr/include -free -4Ycpp -4Ncvf -f_com=yes -MX conftest.f90 /tmp/ifortWIKzYE.i90
#include "..." search starts here:
#include <...> search starts here:
 .
 /work/software/intel2018/compilers_and_libraries_2018.3.222/linux/mkl/include
 /work/software/intel2018/compilers_and_libraries_2018.3.222/linux/ipp/include
 /work/software/intel2018/compilers_and_libraries_2018.3.222/linux/mkl/include
 /work/software/intel2018/compilers_and_libraries_2018.3.222/linux/pstl/include
 /work/software/intel2018/compilers_and_libraries_2018.3.222/linux/tbb/include
 /work/software/intel2018/compilers_and_libraries_2018.3.222/linux/tbb/include
 /work/software/intel2018/compilers_and_libraries_2018.3.222/linux/daal/include
 /work/software/intel2018/compilers_and_libraries_2018.3.222/linux/mkl/include
 /work/software/intel2018/compilers_and_libraries_2018.3.222/linux/ipp/include
 /work/software/intel2018/compilers_and_libraries_2018.3.222/linux/mkl/include
 /work/software/intel2018/compilers_and_libraries_2018.3.222/linux/pstl/include
 /work/software/intel2018/compilers_and_libraries_2018.3.222/linux/tbb/include
 /work/software/intel2018/compilers_and_libraries_2018.3.222/linux/tbb/include
 /work/software/intel2018/compilers_and_libraries_2018.3.222/linux/daal/include
 /work/software/intel2018/compilers_and_libraries_2018.3.222/linux/compiler/include/intel64
 /work/software/intel2018/compilers_and_libraries_2018.3.222/linux/compiler/include/icc
 /work/software/intel2018/compilers_and_libraries_2018.3.222/linux/compiler/include
 /usr/local/include
 /usr/lib/gcc/x86_64-redhat-linux/4.8.5/include
 /usr/include/
 /usr/include
End of search list.
/work/software/intel2018/compilers_and_libraries_2018.3.222/linux/bin/intel64/fortcom    -D__INTEL_COMPILER=1800 -D__INTEL_COMPILER_UPDATE=3 -D__unix__ -D__unix -D__linux__ -D__linux -D__gnu_linux__ -Dunix -Dlinux -D__ELF__ -D__x86_64 -D__x86_64__ -D__amd64 -D__amd64__ -D__INTEL_COMPILER_BUILD_DATE=20180410 -D__INTEL_OFFLOAD -D__i686 -D__i686__ -D__pentiumpro -D__pentiumpro__ -D__pentium4 -D__pentium4__ -D__tune_pentium4__ -D__SSE2__ -D__SSE2_MATH__ -D__SSE__ -D__SSE_MATH__ -D__MMX__ -mGLOB_pack_sort_init_list -I. -I/work/software/intel2018/compilers_and_libraries_2018.3.222/linux/mkl/include -I/work/software/intel2018/compilers_and_libraries_2018.3.222/linux/ipp/include -I/work/software/intel2018/compilers_and_libraries_2018.3.222/linux/mkl/include -I/work/software/intel2018/compilers_and_libraries_2018.3.222/linux/pstl/include -I/work/software/intel2018/compilers_and_libraries_2018.3.222/linux/tbb/include -I/work/software/intel2018/compilers_and_libraries_2018.3.222/linux/tbb/include -I/work/software/intel2018/compilers_and_libraries_2018.3.222/linux/daal/include -I/work/software/intel2018/compilers_and_libraries_2018.3.222/linux/mkl/include -I/work/software/intel2018/compilers_and_libraries_2018.3.222/linux/ipp/include -I/work/software/intel2018/compilers_and_libraries_2018.3.222/linux/mkl/include -I/work/software/intel2018/compilers_and_libraries_2018.3.222/linux/pstl/include -I/work/software/intel2018/compilers_and_libraries_2018.3.222/linux/tbb/include -I/work/software/intel2018/compilers_and_libraries_2018.3.222/linux/tbb/include -I/work/software/intel2018/compilers_and_libraries_2018.3.222/linux/daal/include -I/work/software/intel2018/compilers_and_libraries_2018.3.222/linux/compiler/include/intel64 -I/work/software/intel2018/compilers_and_libraries_2018.3.222/linux/compiler/include/icc -I/work/software/intel2018/compilers_and_libraries_2018.3.222/linux/compiler/include -I/usr/local/include -I/usr/lib/gcc/x86_64-redhat-linux/4.8.5/include -I/usr/include/ -I/usr/include "-align records" "-align all" "-assume nobscc" "-fp_modbits no_prec_div" -O3 "-reentrancy threaded" "-warn declarations" -simd -offload_host -mGLOB_em64t=TRUE -mP1OPT_version=18.0-intel64 -mGLOB_diag_file=/tmp/ifortl4FPfU.diag -mGLOB_long_size_64 -mGLOB_routine_pointer_size_64 -mGLOB_source_language=GLOB_SOURCE_LANGUAGE_F90 -mP2OPT_static_promotion -mP1OPT_print_version=FALSE -mCG_use_gas_got_workaround=F -mP2OPT_align_option_used=TRUE -mGLOB_gcc_version=485 "-mGLOB_options_string=-o conftest -u -fpp1 -nbs -pc80 -pad -align -unroll -O3 -ip -no-fp-port -mno-ieee-fp -vec-report0 -no-prec-div -v" -mGLOB_cxx_limited_range=FALSE -mCG_extend_parms=FALSE -mGLOB_compiler_bin_directory=/work/software/intel2018/compilers_and_libraries_2018.3.222/linux/bin/intel64 -mGLOB_as_output_backup_file_name=/tmp/ifortFT16pVas_.s -mGLOB_dashboard_use_source_name -mP1OPT_fpsetmask_arg=0xffff137f -mIPOPT_activate -mGLOB_instruction_tuning=0x0 -mGLOB_uarch_tuning=0x0 -mGLOB_product_id_code=0x22006d90 -mCG_bnl_movbe=T -mGLOB_extended_instructions=0x8 -mP2OPT_pad_local -mP3OPT_use_mspp_call_convention -mP2OPT_fdiv_opt=1 -mP2OPT_subs_out_of_bound=FALSE -mP2OPT_disam_type_based_disam=2 -mGLOB_ansi_alias -mPGOPTI_value_profile_use=T -mGLOB_opt_report_use_source_name -mP2OPT_il0_array_sections=TRUE -mGLOB_offload_mode=1 -mP2OPT_offload_unique_var_string=ifort1987858866SPg24a -mGLOB_opt_level=3 -mP2OPT_hlo_level=3 -mP2OPT_hlo -mP2OPT_hpo_rtt_control=0 -mIPOPT_args_in_regs=0 -mP2OPT_disam_assume_nonstd_intent_in=FALSE -mGLOB_imf_mapping_library=/work/software/intel2018/compilers_and_libraries_2018.3.222/linux/bin/intel64/libiml_attr.so -mIPOPT_single_file_compile_and_link=TRUE -mPGOPTI_gen_threadsafe_level=0 -mIPOPT_lto_object_enabled -mIPOPT_lto_object_value=1 -mIPOPT_obj_output_file_name=/tmp/ifortl4FPfU.o -mIPOPT_whole_archive_fixup_file_name=/tmp/ifortwarchprhKer -mGLOB_linker_version=2.27 -mGLOB_driver_tempfile_name=/tmp/iforttempfileOSfA9b -mP3OPT_asm_target=P3OPT_ASM_TARGET_GAS -mGLOB_async_unwind_tables=TRUE -mGLOB_obj_output_file=/tmp/ifortl4FPfU.o -mGLOB_source_dialect=GLOB_SOURCE_DIALECT_FORTRAN -mP1OPT_source_file_name=conftest.f90 -mP1OPT_full_source_file_name=/work/home/xinyu/workplace/PhdProgram/aresPy/ares_lib/LIBXC/libxc-3.0.1/conftest.f90 -mP2OPT_symtab_type_copy=true /tmp/ifortWIKzYE.i90
#include "..." search starts here:
#include <...> search starts here:
 .
 /work/software/intel2018/compilers_and_libraries_2018.3.222/linux/mkl/include
 /work/software/intel2018/compilers_and_libraries_2018.3.222/linux/ipp/include
 /work/software/intel2018/compilers_and_libraries_2018.3.222/linux/mkl/include
 /work/software/intel2018/compilers_and_libraries_2018.3.222/linux/pstl/include
 /work/software/intel2018/compilers_and_libraries_2018.3.222/linux/tbb/include
 /work/software/intel2018/compilers_and_libraries_2018.3.222/linux/tbb/include
 /work/software/intel2018/compilers_and_libraries_2018.3.222/linux/daal/include
 /work/software/intel2018/compilers_and_libraries_2018.3.222/linux/mkl/include
 /work/software/intel2018/compilers_and_libraries_2018.3.222/linux/ipp/include
 /work/software/intel2018/compilers_and_libraries_2018.3.222/linux/mkl/include
 /work/software/intel2018/compilers_and_libraries_2018.3.222/linux/pstl/include
 /work/software/intel2018/compilers_and_libraries_2018.3.222/linux/tbb/include
 /work/software/intel2018/compilers_and_libraries_2018.3.222/linux/tbb/include
 /work/software/intel2018/compilers_and_libraries_2018.3.222/linux/daal/include
 /work/software/intel2018/compilers_and_libraries_2018.3.222/linux/compiler/include/intel64
 /work/software/intel2018/compilers_and_libraries_2018.3.222/linux/compiler/include/icc
 /work/software/intel2018/compilers_and_libraries_2018.3.222/linux/compiler/include
 /usr/local/include
 /usr/lib/gcc/x86_64-redhat-linux/4.8.5/include
 /usr/include/
 /usr/include
End of search list.
ld    /usr/lib/gcc/x86_64-redhat-linux/4.8.5/../../../../lib64/crt1.o /usr/lib/gcc/x86_64-redhat-linux/4.8.5/../../../../lib64/crti.o /usr/lib/gcc/x86_64-redhat-linux/4.8.5/crtbegin.o --eh-frame-hdr --build-id -dynamic-linker /lib64/ld-linux-x86-64.so.2 -m elf_x86_64 -o conftest /work/software/intel2018/compilers_and_libraries_2018.3.222/linux/compiler/lib/intel64_lin/for_main.o -L/work/software/intel2018/compilers_and_libraries_2018.3.222/linux/compiler/lib/intel64_lin -L/work/software/intel2018/compilers_and_libraries_2018.3.222/linux/mkl/lib/intel64_lin -L/work/software/intel2018/compilers_and_libraries_2018.3.222/linux/ipp/lib/intel64 -L/work/software/intel2018/compilers_and_libraries_2018.3.222/linux/compiler/lib/intel64_lin -L/work/software/intel2018/compilers_and_libraries_2018.3.222/linux/mkl/lib/intel64_lin -L/work/software/intel2018/compilers_and_libraries_2018.3.222/linux/tbb/lib/intel64/gcc4.7 -L/work/software/intel2018/compilers_and_libraries_2018.3.222/linux/tbb/lib/intel64/gcc4.7 -L/work/software/intel2018/compilers_and_libraries_2018.3.222/linux/daal/lib/intel64_lin -L/work/software/intel2018/compilers_and_libraries_2018.3.222/linux/compiler/lib/intel64_lin -L/work/software/intel2018/compilers_and_libraries_2018.3.222/linux/mkl/lib/intel64_lin -L/work/software/intel2018/compilers_and_libraries_2018.3.222/linux/ipp/lib/intel64 -L/work/software/intel2018/compilers_and_libraries_2018.3.222/linux/compiler/lib/intel64_lin -L/work/software/intel2018/compilers_and_libraries_2018.3.222/linux/mkl/lib/intel64_lin -L/work/software/intel2018/compilers_and_libraries_2018.3.222/linux/tbb/lib/intel64/gcc4.7 -L/work/software/intel2018/compilers_and_libraries_2018.3.222/linux/tbb/lib/intel64/gcc4.7 -L/work/software/intel2018/compilers_and_libraries_2018.3.222/linux/daal/lib/intel64_lin -L/work/software/intel2018/compilers_and_libraries_2018.3.222/linux/daal/../tbb/lib/intel64_lin/gcc4.4 -L/work/software/intel2018/compilers_and_libraries_2018.3.222/linux/compiler/lib/intel64_lin -L/usr/lib/gcc/x86_64-redhat-linux/4.8.5/ -L/usr/lib/gcc/x86_64-redhat-linux/4.8.5/../../../../lib64 -L/usr/lib/gcc/x86_64-redhat-linux/4.8.5/../../../../lib64/ -L/lib/../lib64 -L/lib/../lib64/ -L/usr/lib/../lib64 -L/usr/lib/../lib64/ -L/work/software/intel2018/compilers_and_libraries_2018.3.222/linux/compiler/lib/intel64_lin/ -L/work/software/intel2018/compilers_and_libraries_2018.3.222/linux/mkl/lib/intel64_lin/ -L/work/software/intel2018/compilers_and_libraries_2018.3.222/linux/ipp/lib/intel64/ -L/work/software/intel2018/compilers_and_libraries_2018.3.222/linux/tbb/lib/intel64/gcc4.7/ -L/work/software/intel2018/compilers_and_libraries_2018.3.222/linux/daal/lib/intel64_lin/ -L/work/software/intel2018/compilers_and_libraries_2018.3.222/linux/daal/../tbb/lib/intel64_lin/gcc4.4/ -L/usr/lib/gcc/x86_64-redhat-linux/4.8.5/../../../ -L/lib64 -L/lib/ -L/usr/lib64 -L/usr/lib /tmp/ifortl4FPfU.o -Bdynamic -Bstatic -lifport -lifcoremt -limf -lsvml -Bdynamic -lm -Bstatic -lipgo -lirc -Bdynamic -lpthread -Bstatic -lsvml -Bdynamic -lc -lgcc -lgcc_s -Bstatic -lirc_s -Bdynamic -ldl -lc /usr/lib/gcc/x86_64-redhat-linux/4.8.5/crtend.o /usr/lib/gcc/x86_64-redhat-linux/4.8.5/../../../../lib64/crtn.o
configure:17386: result: -v
configure:17388: checking for Fortran libraries of ifort
configure:17411: ifort -o conftest -u -fpp1 -nbs -pc80 -pad -align -unroll -O3 -ip -no-fp-port -mno-ieee-fp -vec-report0 -no-prec-div -v conftest.f90
ifort: command line remark #10128: invalid value '1' for '-fpp'; ignoring
ifort: command line remark #10148: option '-vec-report0' not supported
ifort version 18.0.3
/work/software/intel2018/compilers_and_libraries_2018.3.222/linux/bin/intel64/fpp    -D__INTEL_COMPILER=1800 -D__INTEL_COMPILER_UPDATE=3 -D__unix__ -D__unix -D__linux__ -D__linux -D__gnu_linux__ -Dunix -Dlinux -D__ELF__ -D__x86_64 -D__x86_64__ -D__amd64 -D__amd64__ -D__INTEL_COMPILER_BUILD_DATE=20180410 -D__INTEL_OFFLOAD -D__i686 -D__i686__ -D__pentiumpro -D__pentiumpro__ -D__pentium4 -D__pentium4__ -D__tune_pentium4__ -D__SSE2__ -D__SSE2_MATH__ -D__SSE__ -D__SSE_MATH__ -D__MMX__ -I. -I/work/software/intel2018/compilers_and_libraries_2018.3.222/linux/mkl/include -I/work/software/intel2018/compilers_and_libraries_2018.3.222/linux/ipp/include -I/work/software/intel2018/compilers_and_libraries_2018.3.222/linux/mkl/include -I/work/software/intel2018/compilers_and_libraries_2018.3.222/linux/pstl/include -I/work/software/intel2018/compilers_and_libraries_2018.3.222/linux/tbb/include -I/work/software/intel2018/compilers_and_libraries_2018.3.222/linux/tbb/include -I/work/software/intel2018/compilers_and_libraries_2018.3.222/linux/daal/include -I/work/software/intel2018/compilers_and_libraries_2018.3.222/linux/mkl/include -I/work/software/intel2018/compilers_and_libraries_2018.3.222/linux/ipp/include -I/work/software/intel2018/compilers_and_libraries_2018.3.222/linux/mkl/include -I/work/software/intel2018/compilers_and_libraries_2018.3.222/linux/pstl/include -I/work/software/intel2018/compilers_and_libraries_2018.3.222/linux/tbb/include -I/work/software/intel2018/compilers_and_libraries_2018.3.222/linux/tbb/include -I/work/software/intel2018/compilers_and_libraries_2018.3.222/linux/daal/include -I/work/software/intel2018/compilers_and_libraries_2018.3.222/linux/compiler/include/intel64 -I/work/software/intel2018/compilers_and_libraries_2018.3.222/linux/compiler/include/icc -I/work/software/intel2018/compilers_and_libraries_2018.3.222/linux/compiler/include -I/usr/local/include -I/usr/lib/gcc/x86_64-redhat-linux/4.8.5/include -I/usr/include/ -I/usr/include -free -4Ycpp -4Ncvf -f_com=yes -MX conftest.f90 /tmp/ifortnRQnjO.i90
#include "..." search starts here:
#include <...> search starts here:
 .
 /work/software/intel2018/compilers_and_libraries_2018.3.222/linux/mkl/include
 /work/software/intel2018/compilers_and_libraries_2018.3.222/linux/ipp/include
 /work/software/intel2018/compilers_and_libraries_2018.3.222/linux/mkl/include
 /work/software/intel2018/compilers_and_libraries_2018.3.222/linux/pstl/include
 /work/software/intel2018/compilers_and_libraries_2018.3.222/linux/tbb/include
 /work/software/intel2018/compilers_and_libraries_2018.3.222/linux/tbb/include
 /work/software/intel2018/compilers_and_libraries_2018.3.222/linux/daal/include
 /work/software/intel2018/compilers_and_libraries_2018.3.222/linux/mkl/include
 /work/software/intel2018/compilers_and_libraries_2018.3.222/linux/ipp/include
 /work/software/intel2018/compilers_and_libraries_2018.3.222/linux/mkl/include
 /work/software/intel2018/compilers_and_libraries_2018.3.222/linux/pstl/include
 /work/software/intel2018/compilers_and_libraries_2018.3.222/linux/tbb/include
 /work/software/intel2018/compilers_and_libraries_2018.3.222/linux/tbb/include
 /work/software/intel2018/compilers_and_libraries_2018.3.222/linux/daal/include
 /work/software/intel2018/compilers_and_libraries_2018.3.222/linux/compiler/include/intel64
 /work/software/intel2018/compilers_and_libraries_2018.3.222/linux/compiler/include/icc
 /work/software/intel2018/compilers_and_libraries_2018.3.222/linux/compiler/include
 /usr/local/include
 /usr/lib/gcc/x86_64-redhat-linux/4.8.5/include
 /usr/include/
 /usr/include
End of search list.
/work/software/intel2018/compilers_and_libraries_2018.3.222/linux/bin/intel64/fortcom    -D__INTEL_COMPILER=1800 -D__INTEL_COMPILER_UPDATE=3 -D__unix__ -D__unix -D__linux__ -D__linux -D__gnu_linux__ -Dunix -Dlinux -D__ELF__ -D__x86_64 -D__x86_64__ -D__amd64 -D__amd64__ -D__INTEL_COMPILER_BUILD_DATE=20180410 -D__INTEL_OFFLOAD -D__i686 -D__i686__ -D__pentiumpro -D__pentiumpro__ -D__pentium4 -D__pentium4__ -D__tune_pentium4__ -D__SSE2__ -D__SSE2_MATH__ -D__SSE__ -D__SSE_MATH__ -D__MMX__ -mGLOB_pack_sort_init_list -I. -I/work/software/intel2018/compilers_and_libraries_2018.3.222/linux/mkl/include -I/work/software/intel2018/compilers_and_libraries_2018.3.222/linux/ipp/include -I/work/software/intel2018/compilers_and_libraries_2018.3.222/linux/mkl/include -I/work/software/intel2018/compilers_and_libraries_2018.3.222/linux/pstl/include -I/work/software/intel2018/compilers_and_libraries_2018.3.222/linux/tbb/include -I/work/software/intel2018/compilers_and_libraries_2018.3.222/linux/tbb/include -I/work/software/intel2018/compilers_and_libraries_2018.3.222/linux/daal/include -I/work/software/intel2018/compilers_and_libraries_2018.3.222/linux/mkl/include -I/work/software/intel2018/compilers_and_libraries_2018.3.222/linux/ipp/include -I/work/software/intel2018/compilers_and_libraries_2018.3.222/linux/mkl/include -I/work/software/intel2018/compilers_and_libraries_2018.3.222/linux/pstl/include -I/work/software/intel2018/compilers_and_libraries_2018.3.222/linux/tbb/include -I/work/software/intel2018/compilers_and_libraries_2018.3.222/linux/tbb/include -I/work/software/intel2018/compilers_and_libraries_2018.3.222/linux/daal/include -I/work/software/intel2018/compilers_and_libraries_2018.3.222/linux/compiler/include/intel64 -I/work/software/intel2018/compilers_and_libraries_2018.3.222/linux/compiler/include/icc -I/work/software/intel2018/compilers_and_libraries_2018.3.222/linux/compiler/include -I/usr/local/include -I/usr/lib/gcc/x86_64-redhat-linux/4.8.5/include -I/usr/include/ -I/usr/include "-align records" "-align all" "-assume nobscc" "-fp_modbits no_prec_div" -O3 "-reentrancy threaded" "-warn declarations" -simd -offload_host -mGLOB_em64t=TRUE -mP1OPT_version=18.0-intel64 -mGLOB_diag_file=/tmp/ifortRHFmOZ.diag -mGLOB_long_size_64 -mGLOB_routine_pointer_size_64 -mGLOB_source_language=GLOB_SOURCE_LANGUAGE_F90 -mP2OPT_static_promotion -mP1OPT_print_version=FALSE -mCG_use_gas_got_workaround=F -mP2OPT_align_option_used=TRUE -mGLOB_gcc_version=485 "-mGLOB_options_string=-o conftest -u -fpp1 -nbs -pc80 -pad -align -unroll -O3 -ip -no-fp-port -mno-ieee-fp -vec-report0 -no-prec-div -v" -mGLOB_cxx_limited_range=FALSE -mCG_extend_parms=FALSE -mGLOB_compiler_bin_directory=/work/software/intel2018/compilers_and_libraries_2018.3.222/linux/bin/intel64 -mGLOB_as_output_backup_file_name=/tmp/ifortnyzy5fas_.s -mGLOB_dashboard_use_source_name -mP1OPT_fpsetmask_arg=0xffff137f -mIPOPT_activate -mGLOB_instruction_tuning=0x0 -mGLOB_uarch_tuning=0x0 -mGLOB_product_id_code=0x22006d90 -mCG_bnl_movbe=T -mGLOB_extended_instructions=0x8 -mP2OPT_pad_local -mP3OPT_use_mspp_call_convention -mP2OPT_fdiv_opt=1 -mP2OPT_subs_out_of_bound=FALSE -mP2OPT_disam_type_based_disam=2 -mGLOB_ansi_alias -mPGOPTI_value_profile_use=T -mGLOB_opt_report_use_source_name -mP2OPT_il0_array_sections=TRUE -mGLOB_offload_mode=1 -mP2OPT_offload_unique_var_string=ifort17687994849VuKyI -mGLOB_opt_level=3 -mP2OPT_hlo_level=3 -mP2OPT_hlo -mP2OPT_hpo_rtt_control=0 -mIPOPT_args_in_regs=0 -mP2OPT_disam_assume_nonstd_intent_in=FALSE -mGLOB_imf_mapping_library=/work/software/intel2018/compilers_and_libraries_2018.3.222/linux/bin/intel64/libiml_attr.so -mIPOPT_single_file_compile_and_link=TRUE -mPGOPTI_gen_threadsafe_level=0 -mIPOPT_lto_object_enabled -mIPOPT_lto_object_value=1 -mIPOPT_obj_output_file_name=/tmp/ifortRHFmOZ.o -mIPOPT_whole_archive_fixup_file_name=/tmp/ifortwarchfF2RrT -mGLOB_linker_version=2.27 -mGLOB_driver_tempfile_name=/tmp/iforttempfile1PUw8H -mP3OPT_asm_target=P3OPT_ASM_TARGET_GAS -mGLOB_async_unwind_tables=TRUE -mGLOB_obj_output_file=/tmp/ifortRHFmOZ.o -mGLOB_source_dialect=GLOB_SOURCE_DIALECT_FORTRAN -mP1OPT_source_file_name=conftest.f90 -mP1OPT_full_source_file_name=/work/home/xinyu/workplace/PhdProgram/aresPy/ares_lib/LIBXC/libxc-3.0.1/conftest.f90 -mP2OPT_symtab_type_copy=true /tmp/ifortnRQnjO.i90
#include "..." search starts here:
#include <...> search starts here:
 .
 /work/software/intel2018/compilers_and_libraries_2018.3.222/linux/mkl/include
 /work/software/intel2018/compilers_and_libraries_2018.3.222/linux/ipp/include
 /work/software/intel2018/compilers_and_libraries_2018.3.222/linux/mkl/include
 /work/software/intel2018/compilers_and_libraries_2018.3.222/linux/pstl/include
 /work/software/intel2018/compilers_and_libraries_2018.3.222/linux/tbb/include
 /work/software/intel2018/compilers_and_libraries_2018.3.222/linux/tbb/include
 /work/software/intel2018/compilers_and_libraries_2018.3.222/linux/daal/include
 /work/software/intel2018/compilers_and_libraries_2018.3.222/linux/mkl/include
 /work/software/intel2018/compilers_and_libraries_2018.3.222/linux/ipp/include
 /work/software/intel2018/compilers_and_libraries_2018.3.222/linux/mkl/include
 /work/software/intel2018/compilers_and_libraries_2018.3.222/linux/pstl/include
 /work/software/intel2018/compilers_and_libraries_2018.3.222/linux/tbb/include
 /work/software/intel2018/compilers_and_libraries_2018.3.222/linux/tbb/include
 /work/software/intel2018/compilers_and_libraries_2018.3.222/linux/daal/include
 /work/software/intel2018/compilers_and_libraries_2018.3.222/linux/compiler/include/intel64
 /work/software/intel2018/compilers_and_libraries_2018.3.222/linux/compiler/include/icc
 /work/software/intel2018/compilers_and_libraries_2018.3.222/linux/compiler/include
 /usr/local/include
 /usr/lib/gcc/x86_64-redhat-linux/4.8.5/include
 /usr/include/
 /usr/include
End of search list.
ld    /usr/lib/gcc/x86_64-redhat-linux/4.8.5/../../../../lib64/crt1.o /usr/lib/gcc/x86_64-redhat-linux/4.8.5/../../../../lib64/crti.o /usr/lib/gcc/x86_64-redhat-linux/4.8.5/crtbegin.o --eh-frame-hdr --build-id -dynamic-linker /lib64/ld-linux-x86-64.so.2 -m elf_x86_64 -o conftest /work/software/intel2018/compilers_and_libraries_2018.3.222/linux/compiler/lib/intel64_lin/for_main.o -L/work/software/intel2018/compilers_and_libraries_2018.3.222/linux/compiler/lib/intel64_lin -L/work/software/intel2018/compilers_and_libraries_2018.3.222/linux/mkl/lib/intel64_lin -L/work/software/intel2018/compilers_and_libraries_2018.3.222/linux/ipp/lib/intel64 -L/work/software/intel2018/compilers_and_libraries_2018.3.222/linux/compiler/lib/intel64_lin -L/work/software/intel2018/compilers_and_libraries_2018.3.222/linux/mkl/lib/intel64_lin -L/work/software/intel2018/compilers_and_libraries_2018.3.222/linux/tbb/lib/intel64/gcc4.7 -L/work/software/intel2018/compilers_and_libraries_2018.3.222/linux/tbb/lib/intel64/gcc4.7 -L/work/software/intel2018/compilers_and_libraries_2018.3.222/linux/daal/lib/intel64_lin -L/work/software/intel2018/compilers_and_libraries_2018.3.222/linux/compiler/lib/intel64_lin -L/work/software/intel2018/compilers_and_libraries_2018.3.222/linux/mkl/lib/intel64_lin -L/work/software/intel2018/compilers_and_libraries_2018.3.222/linux/ipp/lib/intel64 -L/work/software/intel2018/compilers_and_libraries_2018.3.222/linux/compiler/lib/intel64_lin -L/work/software/intel2018/compilers_and_libraries_2018.3.222/linux/mkl/lib/intel64_lin -L/work/software/intel2018/compilers_and_libraries_2018.3.222/linux/tbb/lib/intel64/gcc4.7 -L/work/software/intel2018/compilers_and_libraries_2018.3.222/linux/tbb/lib/intel64/gcc4.7 -L/work/software/intel2018/compilers_and_libraries_2018.3.222/linux/daal/lib/intel64_lin -L/work/software/intel2018/compilers_and_libraries_2018.3.222/linux/daal/../tbb/lib/intel64_lin/gcc4.4 -L/work/software/intel2018/compilers_and_libraries_2018.3.222/linux/compiler/lib/intel64_lin -L/usr/lib/gcc/x86_64-redhat-linux/4.8.5/ -L/usr/lib/gcc/x86_64-redhat-linux/4.8.5/../../../../lib64 -L/usr/lib/gcc/x86_64-redhat-linux/4.8.5/../../../../lib64/ -L/lib/../lib64 -L/lib/../lib64/ -L/usr/lib/../lib64 -L/usr/lib/../lib64/ -L/work/software/intel2018/compilers_and_libraries_2018.3.222/linux/compiler/lib/intel64_lin/ -L/work/software/intel2018/compilers_and_libraries_2018.3.222/linux/mkl/lib/intel64_lin/ -L/work/software/intel2018/compilers_and_libraries_2018.3.222/linux/ipp/lib/intel64/ -L/work/software/intel2018/compilers_and_libraries_2018.3.222/linux/tbb/lib/intel64/gcc4.7/ -L/work/software/intel2018/compilers_and_libraries_2018.3.222/linux/daal/lib/intel64_lin/ -L/work/software/intel2018/compilers_and_libraries_2018.3.222/linux/daal/../tbb/lib/intel64_lin/gcc4.4/ -L/usr/lib/gcc/x86_64-redhat-linux/4.8.5/../../../ -L/lib64 -L/lib/ -L/usr/lib64 -L/usr/lib /tmp/ifortRHFmOZ.o -Bdynamic -Bstatic -lifport -lifcoremt -limf -lsvml -Bdynamic -lm -Bstatic -lipgo -lirc -Bdynamic -lpthread -Bstatic -lsvml -Bdynamic -lc -lgcc -lgcc_s -Bstatic -lirc_s -Bdynamic -ldl -lc /usr/lib/gcc/x86_64-redhat-linux/4.8.5/crtend.o /usr/lib/gcc/x86_64-redhat-linux/4.8.5/../../../../lib64/crtn.o
configure:17607: result:  -L/work/software/intel2018/compilers_and_libraries_2018.3.222/linux/compiler/lib/intel64_lin -L/work/software/intel2018/compilers_and_libraries_2018.3.222/linux/mkl/lib/intel64_lin -L/work/software/intel2018/compilers_and_libraries_2018.3.222/linux/ipp/lib/intel64 -L/work/software/intel2018/compilers_and_libraries_2018.3.222/linux/tbb/lib/intel64/gcc4.7 -L/work/software/intel2018/compilers_and_libraries_2018.3.222/linux/daal/lib/intel64_lin -L/work/software/intel2018/compilers_and_libraries_2018.3.222/linux/daal/../tbb/lib/intel64_lin/gcc4.4 -L/usr/lib/gcc/x86_64-redhat-linux/4.8.5/ -L/usr/lib/gcc/x86_64-redhat-linux/4.8.5/../../../../lib64 -L/usr/lib/gcc/x86_64-redhat-linux/4.8.5/../../../../lib64/ -L/lib/../lib64 -L/lib/../lib64/ -L/usr/lib/../lib64 -L/usr/lib/../lib64/ -L/work/software/intel2018/compilers_and_libraries_2018.3.222/linux/compiler/lib/intel64_lin/ -L/work/software/intel2018/compilers_and_libraries_2018.3.222/linux/mkl/lib/intel64_lin/ -L/work/software/intel2018/compilers_and_libraries_2018.3.222/linux/ipp/lib/intel64/ -L/work/software/intel2018/compilers_and_libraries_2018.3.222/linux/tbb/lib/intel64/gcc4.7/ -L/work/software/intel2018/compilers_and_libraries_2018.3.222/linux/daal/lib/intel64_lin/ -L/work/software/intel2018/compilers_and_libraries_2018.3.222/linux/daal/../tbb/lib/intel64_lin/gcc4.4/ -L/usr/lib/gcc/x86_64-redhat-linux/4.8.5/../../../ -L/lib64 -L/lib/ -L/usr/lib64 -L/usr/lib -lifport -lifcoremt -limf -lsvml -lm -lipgo -lirc -lpthread -lirc_s -ldl
configure:17622: checking for dummy main to link with Fortran libraries
configure:17656: icc -o conftest -g -O2   conftest.c   -L/work/software/intel2018/compilers_and_libraries_2018.3.222/linux/compiler/lib/intel64_lin -L/work/software/intel2018/compilers_and_libraries_2018.3.222/linux/mkl/lib/intel64_lin -L/work/software/intel2018/compilers_and_libraries_2018.3.222/linux/ipp/lib/intel64 -L/work/software/intel2018/compilers_and_libraries_2018.3.222/linux/tbb/lib/intel64/gcc4.7 -L/work/software/intel2018/compilers_and_libraries_2018.3.222/linux/daal/lib/intel64_lin -L/work/software/intel2018/compilers_and_libraries_2018.3.222/linux/daal/../tbb/lib/intel64_lin/gcc4.4 -L/usr/lib/gcc/x86_64-redhat-linux/4.8.5/ -L/usr/lib/gcc/x86_64-redhat-linux/4.8.5/../../../../lib64 -L/usr/lib/gcc/x86_64-redhat-linux/4.8.5/../../../../lib64/ -L/lib/../lib64 -L/lib/../lib64/ -L/usr/lib/../lib64 -L/usr/lib/../lib64/ -L/work/software/intel2018/compilers_and_libraries_2018.3.222/linux/compiler/lib/intel64_lin/ -L/work/software/intel2018/compilers_and_libraries_2018.3.222/linux/mkl/lib/intel64_lin/ -L/work/software/intel2018/compilers_and_libraries_2018.3.222/linux/ipp/lib/intel64/ -L/work/software/intel2018/compilers_and_libraries_2018.3.222/linux/tbb/lib/intel64/gcc4.7/ -L/work/software/intel2018/compilers_and_libraries_2018.3.222/linux/daal/lib/intel64_lin/ -L/work/software/intel2018/compilers_and_libraries_2018.3.222/linux/daal/../tbb/lib/intel64_lin/gcc4.4/ -L/usr/lib/gcc/x86_64-redhat-linux/4.8.5/../../../ -L/lib64 -L/lib/ -L/usr/lib64 -L/usr/lib -lifport -lifcoremt -limf -lsvml -lm -lipgo -lirc -lpthread -lirc_s -ldl >&5
configure:17656: $? = 0
configure:17701: result: none
configure:17733: checking for Fortran name-mangling scheme
configure:17746: ifort -c -u -fpp1 -nbs -pc80 -pad -align -unroll -O3 -ip -no-fp-port -mno-ieee-fp -vec-report0 -no-prec-div  conftest.f90 >&5
ifort: command line remark #10128: invalid value '1' for '-fpp'; ignoring
ifort: command line remark #10148: option '-vec-report0' not supported
configure:17746: $? = 0
configure:17787: icc -o conftest -g -O2   conftest.c cfortran_test.o   -L/work/software/intel2018/compilers_and_libraries_2018.3.222/linux/compiler/lib/intel64_lin -L/work/software/intel2018/compilers_and_libraries_2018.3.222/linux/mkl/lib/intel64_lin -L/work/software/intel2018/compilers_and_libraries_2018.3.222/linux/ipp/lib/intel64 -L/work/software/intel2018/compilers_and_libraries_2018.3.222/linux/tbb/lib/intel64/gcc4.7 -L/work/software/intel2018/compilers_and_libraries_2018.3.222/linux/daal/lib/intel64_lin -L/work/software/intel2018/compilers_and_libraries_2018.3.222/linux/daal/../tbb/lib/intel64_lin/gcc4.4 -L/usr/lib/gcc/x86_64-redhat-linux/4.8.5/ -L/usr/lib/gcc/x86_64-redhat-linux/4.8.5/../../../../lib64 -L/usr/lib/gcc/x86_64-redhat-linux/4.8.5/../../../../lib64/ -L/lib/../lib64 -L/lib/../lib64/ -L/usr/lib/../lib64 -L/usr/lib/../lib64/ -L/work/software/intel2018/compilers_and_libraries_2018.3.222/linux/compiler/lib/intel64_lin/ -L/work/software/intel2018/compilers_and_libraries_2018.3.222/linux/mkl/lib/intel64_lin/ -L/work/software/intel2018/compilers_and_libraries_2018.3.222/linux/ipp/lib/intel64/ -L/work/software/intel2018/compilers_and_libraries_2018.3.222/linux/tbb/lib/intel64/gcc4.7/ -L/work/software/intel2018/compilers_and_libraries_2018.3.222/linux/daal/lib/intel64_lin/ -L/work/software/intel2018/compilers_and_libraries_2018.3.222/linux/daal/../tbb/lib/intel64_lin/gcc4.4/ -L/usr/lib/gcc/x86_64-redhat-linux/4.8.5/../../../ -L/lib64 -L/lib/ -L/usr/lib64 -L/usr/lib -lifport -lifcoremt -limf -lsvml -lm -lipgo -lirc -lpthread -lirc_s -ldl >&5
/tmp/iccILS31U.o: In function `main':
/work/home/xinyu/workplace/PhdProgram/aresPy/ares_lib/LIBXC/libxc-3.0.1/conftest.c:51: undefined reference to `foobar'
configure:17787: $? = 1
configure: failed program was:
| /* confdefs.h */
| #define PACKAGE_NAME "libxc"
| #define PACKAGE_TARNAME "libxc"
| #define PACKAGE_VERSION "3.0.1"
| #define PACKAGE_STRING "libxc 3.0.1"
| #define PACKAGE_BUGREPORT "libxc@tddft.org"
| #define PACKAGE_URL "http://www.tddft.org/programs/Libxc"
| #define PACKAGE "libxc"
| #define VERSION "3.0.1"
| #define STDC_HEADERS 1
| #define HAVE_SYS_TYPES_H 1
| #define HAVE_SYS_STAT_H 1
| #define HAVE_STDLIB_H 1
| #define HAVE_STRING_H 1
| #define HAVE_MEMORY_H 1
| #define HAVE_STRINGS_H 1
| #define HAVE_INTTYPES_H 1
| #define HAVE_STDINT_H 1
| #define HAVE_UNISTD_H 1
| #define HAVE_DLFCN_H 1
| #define LT_OBJDIR ".libs/"
| #define STDC_HEADERS 1
| #define HAVE_ALLOCA_H 1
| #define HAVE_ALLOCA 1
| #define SIZEOF_VOIDP 8
| #define HAVE_SQRTF 1
| #define HAVE_CBRT 1
| #define HAVE_CBRTF 1
| #define HAVE_FEENABLEEXCEPT 1
| #define HAVE_FORTRAN 1
| /* end confdefs.h.  */
| 
| /* Override any GCC internal prototype to avoid an error.
|    Use char because int might match the return type of a GCC
|    builtin and then its argument prototype would still apply.  */
| #ifdef __cplusplus
| extern "C"
| #endif
| char foobar ();
| #ifdef FC_DUMMY_MAIN
| #ifndef FC_DUMMY_MAIN_EQ_F77
| #  ifdef __cplusplus
|      extern "C"
| #  endif
|    int FC_DUMMY_MAIN() { return 1; }
| #endif
| #endif
| int
| main ()
| {
| return foobar ();
|   ;
|   return 0;
| }
configure:17787: icc -o conftest -g -O2   conftest.c cfortran_test.o   -L/work/software/intel2018/compilers_and_libraries_2018.3.222/linux/compiler/lib/intel64_lin -L/work/software/intel2018/compilers_and_libraries_2018.3.222/linux/mkl/lib/intel64_lin -L/work/software/intel2018/compilers_and_libraries_2018.3.222/linux/ipp/lib/intel64 -L/work/software/intel2018/compilers_and_libraries_2018.3.222/linux/tbb/lib/intel64/gcc4.7 -L/work/software/intel2018/compilers_and_libraries_2018.3.222/linux/daal/lib/intel64_lin -L/work/software/intel2018/compilers_and_libraries_2018.3.222/linux/daal/../tbb/lib/intel64_lin/gcc4.4 -L/usr/lib/gcc/x86_64-redhat-linux/4.8.5/ -L/usr/lib/gcc/x86_64-redhat-linux/4.8.5/../../../../lib64 -L/usr/lib/gcc/x86_64-redhat-linux/4.8.5/../../../../lib64/ -L/lib/../lib64 -L/lib/../lib64/ -L/usr/lib/../lib64 -L/usr/lib/../lib64/ -L/work/software/intel2018/compilers_and_libraries_2018.3.222/linux/compiler/lib/intel64_lin/ -L/work/software/intel2018/compilers_and_libraries_2018.3.222/linux/mkl/lib/intel64_lin/ -L/work/software/intel2018/compilers_and_libraries_2018.3.222/linux/ipp/lib/intel64/ -L/work/software/intel2018/compilers_and_libraries_2018.3.222/linux/tbb/lib/intel64/gcc4.7/ -L/work/software/intel2018/compilers_and_libraries_2018.3.222/linux/daal/lib/intel64_lin/ -L/work/software/intel2018/compilers_and_libraries_2018.3.222/linux/daal/../tbb/lib/intel64_lin/gcc4.4/ -L/usr/lib/gcc/x86_64-redhat-linux/4.8.5/../../../ -L/lib64 -L/lib/ -L/usr/lib64 -L/usr/lib -lifport -lifcoremt -limf -lsvml -lm -lipgo -lirc -lpthread -lirc_s -ldl >&5
configure:17787: $? = 0
configure:17845: icc -o conftest -g -O2   conftest.c cfortran_test.o   -L/work/software/intel2018/compilers_and_libraries_2018.3.222/linux/compiler/lib/intel64_lin -L/work/software/intel2018/compilers_and_libraries_2018.3.222/linux/mkl/lib/intel64_lin -L/work/software/intel2018/compilers_and_libraries_2018.3.222/linux/ipp/lib/intel64 -L/work/software/intel2018/compilers_and_libraries_2018.3.222/linux/tbb/lib/intel64/gcc4.7 -L/work/software/intel2018/compilers_and_libraries_2018.3.222/linux/daal/lib/intel64_lin -L/work/software/intel2018/compilers_and_libraries_2018.3.222/linux/daal/../tbb/lib/intel64_lin/gcc4.4 -L/usr/lib/gcc/x86_64-redhat-linux/4.8.5/ -L/usr/lib/gcc/x86_64-redhat-linux/4.8.5/../../../../lib64 -L/usr/lib/gcc/x86_64-redhat-linux/4.8.5/../../../../lib64/ -L/lib/../lib64 -L/lib/../lib64/ -L/usr/lib/../lib64 -L/usr/lib/../lib64/ -L/work/software/intel2018/compilers_and_libraries_2018.3.222/linux/compiler/lib/intel64_lin/ -L/work/software/intel2018/compilers_and_libraries_2018.3.222/linux/mkl/lib/intel64_lin/ -L/work/software/intel2018/compilers_and_libraries_2018.3.222/linux/ipp/lib/intel64/ -L/work/software/intel2018/compilers_and_libraries_2018.3.222/linux/tbb/lib/intel64/gcc4.7/ -L/work/software/intel2018/compilers_and_libraries_2018.3.222/linux/daal/lib/intel64_lin/ -L/work/software/intel2018/compilers_and_libraries_2018.3.222/linux/daal/../tbb/lib/intel64_lin/gcc4.4/ -L/usr/lib/gcc/x86_64-redhat-linux/4.8.5/../../../ -L/lib64 -L/lib/ -L/usr/lib64 -L/usr/lib -lifport -lifcoremt -limf -lsvml -lm -lipgo -lirc -lpthread -lirc_s -ldl >&5
configure:17845: $? = 0
configure:17887: result: lower case, underscore, no extra underscore
configure:17952: checking whether the compiler accepts very long lines
configure:17961: ifort -c -u -fpp1 -nbs -pc80 -pad -align -unroll -O3 -ip -no-fp-port -mno-ieee-fp -vec-report0 -no-prec-div  conftest.f90 >&5
ifort: command line remark #10128: invalid value '1' for '-fpp'; ignoring
ifort: command line remark #10148: option '-vec-report0' not supported
configure:17961: $? = 0
configure:17971: result: yes
configure:17976: checking whether the compiler accepts "line-number" lines cast by the preprocessor
configure:17983: ifort -c -u -fpp1 -nbs -pc80 -pad -align -unroll -O3 -ip -no-fp-port -mno-ieee-fp -vec-report0 -no-prec-div  conftest.f90 >&5
ifort: command line remark #10128: invalid value '1' for '-fpp'; ignoring
ifort: command line remark #10148: option '-vec-report0' not supported
configure:17983: $? = 0
configure:17994: result: yes
configure:18000: checking Fortran 90 modules extension
configure:18026: ifort -c -u -fpp1 -nbs -pc80 -pad -align -unroll -O3 -ip -no-fp-port -mno-ieee-fp -vec-report0 -no-prec-div  conftest.f90 >&5
ifort: command line remark #10128: invalid value '1' for '-fpp'; ignoring
ifort: command line remark #10148: option '-vec-report0' not supported
configure:18026: $? = 0
configure:18051: result: mod
configure:18058: checking for the size of a Fortran integer
configure:18084: ifort -o conftest -u -fpp1 -nbs -pc80 -pad -align -unroll -O3 -ip -no-fp-port -mno-ieee-fp -vec-report0 -no-prec-div   conftest.f90  >&5
ifort: command line remark #10128: invalid value '1' for '-fpp'; ignoring
ifort: command line remark #10148: option '-vec-report0' not supported
configure:18084: $? = 0
configure:18084: ./conftest
configure:18084: $? = 0
configure:18096: result: 4 bytes
configure:18108: checking for which C type corresponds to Fortran integer
configure:18156: icc -o conftest -g -O2   conftest.c  >&5
configure:18156: $? = 0
configure:18156: ./conftest
configure:18156: $? = 0
configure:18173: result: int
configure:18187: checking for Fortran 2003 iso_c_binding
configure:18203: ifort -o conftest -u -fpp1 -nbs -pc80 -pad -align -unroll -O3 -ip -no-fp-port -mno-ieee-fp -vec-report0 -no-prec-div   conftest.f90  >&5
ifort: command line remark #10128: invalid value '1' for '-fpp'; ignoring
ifort: command line remark #10148: option '-vec-report0' not supported
configure:18203: $? = 0
configure:18209: result: yes
configure:18388: checking that generated files are newer than configure
configure:18394: result: done
configure:18441: creating ./config.status

## ---------------------- ##
## Running config.status. ##
## ---------------------- ##

This file was extended by libxc config.status 3.0.1, which was
generated by GNU Autoconf 2.69.  Invocation command line was

  CONFIG_FILES    = 
  CONFIG_HEADERS  = 
  CONFIG_LINKS    = 
  CONFIG_COMMANDS = 
  $ ./config.status 

on ln01

config.status:1201: creating Makefile
config.status:1201: creating xc_version.h
config.status:1201: creating src/Makefile
config.status:1201: creating testsuite/Makefile
config.status:1201: creating build/Makefile
config.status:1201: creating build/libxc.pc
config.status:1201: creating build/libxc.spec
config.status:1201: creating config.h
config.status:1430: executing depfiles commands
config.status:1430: executing libtool commands

## ---------------- ##
## Cache variables. ##
## ---------------- ##

ac_cv_build=x86_64-unknown-linux-gnu
ac_cv_build_fortran03=yes
ac_cv_build_fortran=yes
ac_cv_c_compiler_gnu=yes
ac_cv_c_inline=inline
ac_cv_env_CC_set=set
ac_cv_env_CC_value=icc
ac_cv_env_CFLAGS_set=
ac_cv_env_CFLAGS_value=
ac_cv_env_CPPFLAGS_set=
ac_cv_env_CPPFLAGS_value=
ac_cv_env_CPP_set=
ac_cv_env_CPP_value=
ac_cv_env_FCCPP_set=
ac_cv_env_FCCPP_value=
ac_cv_env_FCFLAGS_set=
ac_cv_env_FCFLAGS_value=
ac_cv_env_FC_set=set
ac_cv_env_FC_value=ifort
ac_cv_env_LDFLAGS_set=
ac_cv_env_LDFLAGS_value=
ac_cv_env_LIBS_set=
ac_cv_env_LIBS_value=
ac_cv_env_LT_SYS_LIBRARY_PATH_set=
ac_cv_env_LT_SYS_LIBRARY_PATH_value=
ac_cv_env_build_alias_set=
ac_cv_env_build_alias_value=
ac_cv_env_host_alias_set=
ac_cv_env_host_alias_value=
ac_cv_env_target_alias_set=
ac_cv_env_target_alias_value=
ac_cv_fc_compiler_gnu=no
ac_cv_fc_dummy_main=none
ac_cv_fc_libs=' -L/work/software/intel2018/compilers_and_libraries_2018.3.222/linux/compiler/lib/intel64_lin -L/work/software/intel2018/compilers_and_libraries_2018.3.222/linux/mkl/lib/intel64_lin -L/work/software/intel2018/compilers_and_libraries_2018.3.222/linux/ipp/lib/intel64 -L/work/software/intel2018/compilers_and_libraries_2018.3.222/linux/tbb/lib/intel64/gcc4.7 -L/work/software/intel2018/compilers_and_libraries_2018.3.222/linux/daal/lib/intel64_lin -L/work/software/intel2018/compilers_and_libraries_2018.3.222/linux/daal/../tbb/lib/intel64_lin/gcc4.4 -L/usr/lib/gcc/x86_64-redhat-linux/4.8.5/ -L/usr/lib/gcc/x86_64-redhat-linux/4.8.5/../../../../lib64 -L/usr/lib/gcc/x86_64-redhat-linux/4.8.5/../../../../lib64/ -L/lib/../lib64 -L/lib/../lib64/ -L/usr/lib/../lib64 -L/usr/lib/../lib64/ -L/work/software/intel2018/compilers_and_libraries_2018.3.222/linux/compiler/lib/intel64_lin/ -L/work/software/intel2018/compilers_and_libraries_2018.3.222/linux/mkl/lib/intel64_lin/ -L/work/software/intel2018/compilers_and_libraries_2018.3.222/linux/ipp/lib/intel64/ -L/work/software/intel2018/compilers_and_libraries_2018.3.222/linux/tbb/lib/intel64/gcc4.7/ -L/work/software/intel2018/compilers_and_libraries_2018.3.222/linux/daal/lib/intel64_lin/ -L/work/software/intel2018/compilers_and_libraries_2018.3.222/linux/daal/../tbb/lib/intel64_lin/gcc4.4/ -L/usr/lib/gcc/x86_64-redhat-linux/4.8.5/../../../ -L/lib64 -L/lib/ -L/usr/lib64 -L/usr/lib -lifport -lifcoremt -limf -lsvml -lm -lipgo -lirc -lpthread -lirc_s -ldl'
ac_cv_fc_mangling='lower case, underscore, no extra underscore'
ac_cv_fc_srcext_f90=none
ac_cv_fortran_dummy_main=none
ac_cv_func_alloca_works=yes
ac_cv_header_dlfcn_h=yes
ac_cv_header_inttypes_h=yes
ac_cv_header_memory_h=yes
ac_cv_header_stdc=yes
ac_cv_header_stdint_h=yes
ac_cv_header_stdlib_h=yes
ac_cv_header_string_h=yes
ac_cv_header_strings_h=yes
ac_cv_header_sys_stat_h=yes
ac_cv_header_sys_types_h=yes
ac_cv_header_unistd_h=yes
ac_cv_host=x86_64-unknown-linux-gnu
ac_cv_lib_m_cbrt=yes
ac_cv_lib_m_cbrtf=yes
ac_cv_lib_m_feenableexcept=yes
ac_cv_lib_m_sqrtf=yes
ac_cv_objext=o
ac_cv_path_EGREP='/usr/bin/grep -E'
ac_cv_path_FGREP='/usr/bin/grep -F'
ac_cv_path_GREP=/usr/bin/grep
ac_cv_path_SED=/usr/bin/sed
ac_cv_path_install='/usr/bin/install -c'
ac_cv_path_lt_DD=/usr/bin/dd
ac_cv_path_mkdir=/usr/bin/mkdir
ac_cv_prog_AWK=gawk
ac_cv_prog_CPP='icc -E'
ac_cv_prog_ac_ct_AR=ar
ac_cv_prog_ac_ct_CC=icc
ac_cv_prog_ac_ct_MANIFEST_TOOL=mt
ac_cv_prog_ac_ct_OBJDUMP=objdump
ac_cv_prog_ac_ct_RANLIB=ranlib
ac_cv_prog_ac_ct_STRIP=strip
ac_cv_prog_cc_c89=
ac_cv_prog_cc_g=yes
ac_cv_prog_fc_g=yes
ac_cv_prog_fc_v=-v
ac_cv_prog_make_make_set=yes
ac_cv_single_prec=no
ac_cv_sizeof_voidp=8
ac_cv_type_size_t=yes
ac_cv_working_alloca_h=yes
am_cv_CC_dependencies_compiler_type=gcc3
am_cv_make_support_nested_variables=yes
am_cv_prog_cc_c_o=yes
ax_cv_f90_modext=mod
lt_cv_ar_at_file=@
lt_cv_deplibs_check_method=pass_all
lt_cv_file_magic_cmd='$MAGIC_CMD'
lt_cv_file_magic_test_file=
lt_cv_ld_reload_flag=-r
lt_cv_nm_interface='BSD nm'
lt_cv_objdir=.libs
lt_cv_path_LD=/usr/bin/ld
lt_cv_path_NM='/usr/bin/nm -B'
lt_cv_path_mainfest_tool=no
lt_cv_prog_compiler_c_o=yes
lt_cv_prog_compiler_c_o_FC=yes
lt_cv_prog_compiler_pic='-fPIC -DPIC'
lt_cv_prog_compiler_pic_FC=-fPIC
lt_cv_prog_compiler_pic_works=yes
lt_cv_prog_compiler_pic_works_FC=yes
lt_cv_prog_compiler_rtti_exceptions=yes
lt_cv_prog_compiler_static_works=yes
lt_cv_prog_compiler_static_works_FC=yes
lt_cv_prog_gnu_ld=yes
lt_cv_sharedlib_from_linklib_cmd='printf %s\n'
lt_cv_shlibpath_overrides_runpath=no
lt_cv_sys_global_symbol_pipe='sed -n -e '\''s/^.*[	 ]\([ABCDGIRSTW][ABCDGIRSTW]*\)[	 ][	 ]*\([_A-Za-z][_A-Za-z0-9]*\)$/\1 \2 \2/p'\'' | sed '\''/ __gnu_lto/d'\'''
lt_cv_sys_global_symbol_to_c_name_address='sed -n -e '\''s/^: \(.*\) .*$/  {"\1", (void *) 0},/p'\'' -e '\''s/^[ABCDGIRSTW][ABCDGIRSTW]* .* \(.*\)$/  {"\1", (void *) \&\1},/p'\'''
lt_cv_sys_global_symbol_to_c_name_address_lib_prefix='sed -n -e '\''s/^: \(.*\) .*$/  {"\1", (void *) 0},/p'\'' -e '\''s/^[ABCDGIRSTW][ABCDGIRSTW]* .* \(lib.*\)$/  {"\1", (void *) \&\1},/p'\'' -e '\''s/^[ABCDGIRSTW][ABCDGIRSTW]* .* \(.*\)$/  {"lib\1", (void *) \&\1},/p'\'''
lt_cv_sys_global_symbol_to_cdecl='sed -n -e '\''s/^T .* \(.*\)$/extern int \1();/p'\'' -e '\''s/^[ABCDGIRSTW][ABCDGIRSTW]* .* \(.*\)$/extern char \1;/p'\'''
lt_cv_sys_global_symbol_to_import=
lt_cv_sys_max_cmd_len=3458764513820540925
lt_cv_to_host_file_cmd=func_convert_file_noop
lt_cv_to_tool_file_cmd=func_convert_file_noop
lt_cv_truncate_bin='/usr/bin/dd bs=4096 count=1'

## ----------------- ##
## Output variables. ##
## ----------------- ##

ACLOCAL='${SHELL} /work/home/xinyu/workplace/PhdProgram/aresPy/ares_lib/LIBXC/libxc-3.0.1/missing aclocal-1.15'
ALLOCA=''
AMDEPBACKSLASH='\'
AMDEP_FALSE='#'
AMDEP_TRUE=''
AMTAR='$${TAR-tar}'
AM_BACKSLASH='\'
AM_DEFAULT_V='$(AM_DEFAULT_VERBOSITY)'
AM_DEFAULT_VERBOSITY='1'
AM_V='$(V)'
AR='ar'
AUTOCONF='${SHELL} /work/home/xinyu/workplace/PhdProgram/aresPy/ares_lib/LIBXC/libxc-3.0.1/missing autoconf'
AUTOHEADER='${SHELL} /work/home/xinyu/workplace/PhdProgram/aresPy/ares_lib/LIBXC/libxc-3.0.1/missing autoheader'
AUTOMAKE='${SHELL} /work/home/xinyu/workplace/PhdProgram/aresPy/ares_lib/LIBXC/libxc-3.0.1/missing automake-1.15'
AWK='gawk'
CC='icc'
CCDEPMODE='depmode=gcc3'
CFLAGS='-g -O2'
COMPILE_FORTRAN03_FALSE='#'
COMPILE_FORTRAN03_TRUE=''
COMPILE_FORTRAN_FALSE='#'
COMPILE_FORTRAN_TRUE=''
COMPILE_SINGLE_FALSE=''
COMPILE_SINGLE_TRUE='#'
CPP='icc -E'
CPPFLAGS=''
CYGPATH_W='echo'
DEFS='-DHAVE_CONFIG_H'
DEPDIR='.deps'
DLLTOOL='false'
DSYMUTIL=''
DUMPBIN=''
ECHO_C=''
ECHO_N='-n'
ECHO_T=''
EGREP='/usr/bin/grep -E'
ENABLE_FORTRAN_FALSE='#'
ENABLE_FORTRAN_TRUE=''
EXEEXT=''
F90_ACCEPTS_LINE_NUMBERS='yes'
F90_MOD_UPPERCASE_FALSE=''
F90_MOD_UPPERCASE_TRUE='#'
FC='ifort'
FCCPP='/lib/cpp -ansi'
FCFLAGS='-u -fpp1 -nbs -pc80 -pad -align -unroll -O3 -ip -no-fp-port -mno-ieee-fp -vec-report0 -no-prec-div'
FCFLAGS_f90=''
FCLIBS=' -L/work/software/intel2018/compilers_and_libraries_2018.3.222/linux/compiler/lib/intel64_lin -L/work/software/intel2018/compilers_and_libraries_2018.3.222/linux/mkl/lib/intel64_lin -L/work/software/intel2018/compilers_and_libraries_2018.3.222/linux/ipp/lib/intel64 -L/work/software/intel2018/compilers_and_libraries_2018.3.222/linux/tbb/lib/intel64/gcc4.7 -L/work/software/intel2018/compilers_and_libraries_2018.3.222/linux/daal/lib/intel64_lin -L/work/software/intel2018/compilers_and_libraries_2018.3.222/linux/daal/../tbb/lib/intel64_lin/gcc4.4 -L/usr/lib/gcc/x86_64-redhat-linux/4.8.5/ -L/usr/lib/gcc/x86_64-redhat-linux/4.8.5/../../../../lib64 -L/usr/lib/gcc/x86_64-redhat-linux/4.8.5/../../../../lib64/ -L/lib/../lib64 -L/lib/../lib64/ -L/usr/lib/../lib64 -L/usr/lib/../lib64/ -L/work/software/intel2018/compilers_and_libraries_2018.3.222/linux/compiler/lib/intel64_lin/ -L/work/software/intel2018/compilers_and_libraries_2018.3.222/linux/mkl/lib/intel64_lin/ -L/work/software/intel2018/compilers_and_libraries_2018.3.222/linux/ipp/lib/intel64/ -L/work/software/intel2018/compilers_and_libraries_2018.3.222/linux/tbb/lib/intel64/gcc4.7/ -L/work/software/intel2018/compilers_and_libraries_2018.3.222/linux/daal/lib/intel64_lin/ -L/work/software/intel2018/compilers_and_libraries_2018.3.222/linux/daal/../tbb/lib/intel64_lin/gcc4.4/ -L/usr/lib/gcc/x86_64-redhat-linux/4.8.5/../../../ -L/lib64 -L/lib/ -L/usr/lib64 -L/usr/lib -lifport -lifcoremt -limf -lsvml -lm -lipgo -lirc -lpthread -lirc_s -ldl'
FGREP='/usr/bin/grep -F'
GREP='/usr/bin/grep'
INSTALL_DATA='${INSTALL} -m 644'
INSTALL_PROGRAM='${INSTALL}'
INSTALL_SCRIPT='${INSTALL}'
INSTALL_STRIP_PROGRAM='$(install_sh) -c -s'
LD='/usr/bin/ld -m elf_x86_64'
LDFLAGS=''
LIBOBJS=''
LIBS=''
LIBTOOL='$(SHELL) $(top_builddir)/libtool'
LIPO=''
LN_S='ln -s'
LONG_LINES='yes'
LTLIBOBJS=''
LT_SYS_LIBRARY_PATH=''
MAKEINFO='${SHELL} /work/home/xinyu/workplace/PhdProgram/aresPy/ares_lib/LIBXC/libxc-3.0.1/missing makeinfo'
MANIFEST_TOOL=':'
MKDIR_P='/usr/bin/mkdir -p'
NM='/usr/bin/nm -B'
NMEDIT=''
OBJDUMP='objdump'
OBJEXT='o'
OTOOL64=''
OTOOL=''
PACKAGE='libxc'
PACKAGE_BUGREPORT='libxc@tddft.org'
PACKAGE_NAME='libxc'
PACKAGE_STRING='libxc 3.0.1'
PACKAGE_TARNAME='libxc'
PACKAGE_URL='http://www.tddft.org/programs/Libxc'
PACKAGE_VERSION='3.0.1'
PATH_SEPARATOR=':'
RANLIB='ranlib'
SED='/usr/bin/sed'
SET_MAKE=''
SHELL='/bin/sh'
STRIP='strip'
VERSION='3.0.1'
XC_LT_VERSION='4:1:0'
XC_MAJOR_VERSION='3'
XC_MICRO_VERSION='1'
XC_MINOR_VERSION='0'
ac_ct_AR='ar'
ac_ct_CC='icc'
ac_ct_DUMPBIN=''
ac_ct_FC=''
am__EXEEXT_FALSE=''
am__EXEEXT_TRUE='#'
am__fastdepCC_FALSE='#'
am__fastdepCC_TRUE=''
am__include='include'
am__isrc=''
am__leading_dot='.'
am__nodep='_no'
am__quote=''
am__tar='$${TAR-tar} chof - "$$tardir"'
am__untar='$${TAR-tar} xf -'
ax_cv_f90_modext='mod'
bindir='${exec_prefix}/bin'
build='x86_64-unknown-linux-gnu'
build_alias=''
build_cpu='x86_64'
build_os='linux-gnu'
build_vendor='unknown'
datadir='${datarootdir}'
datarootdir='${prefix}/share'
docdir='${datarootdir}/doc/${PACKAGE_TARNAME}'
dvidir='${docdir}'
exec_prefix='${prefix}'
host='x86_64-unknown-linux-gnu'
host_alias=''
host_cpu='x86_64'
host_os='linux-gnu'
host_vendor='unknown'
htmldir='${docdir}'
includedir='${prefix}/include'
infodir='${datarootdir}/info'
install_sh='${SHELL} /work/home/xinyu/workplace/PhdProgram/aresPy/ares_lib/LIBXC/libxc-3.0.1/install-sh'
libdir='${exec_prefix}/lib'
libexecdir='${exec_prefix}/libexec'
localedir='${datarootdir}/locale'
localstatedir='${prefix}/var'
mandir='${datarootdir}/man'
mkdir_p='$(MKDIR_P)'
oldincludedir='/usr/include'
pdfdir='${docdir}'
prefix='/work/home/xinyu/workplace/PhdProgram/aresPy/ares_lib/LIBXC/libxc-3.0.1'
program_transform_name='s,x,x,'
psdir='${docdir}'
sbindir='${exec_prefix}/sbin'
sharedstatedir='${prefix}/com'
sysconfdir='${prefix}/etc'
target_alias=''

## ----------- ##
## confdefs.h. ##
## ----------- ##

/* confdefs.h */
#define PACKAGE_NAME "libxc"
#define PACKAGE_TARNAME "libxc"
#define PACKAGE_VERSION "3.0.1"
#define PACKAGE_STRING "libxc 3.0.1"
#define PACKAGE_BUGREPORT "libxc@tddft.org"
#define PACKAGE_URL "http://www.tddft.org/programs/Libxc"
#define PACKAGE "libxc"
#define VERSION "3.0.1"
#define STDC_HEADERS 1
#define HAVE_SYS_TYPES_H 1
#define HAVE_SYS_STAT_H 1
#define HAVE_STDLIB_H 1
#define HAVE_STRING_H 1
#define HAVE_MEMORY_H 1
#define HAVE_STRINGS_H 1
#define HAVE_INTTYPES_H 1
#define HAVE_STDINT_H 1
#define HAVE_UNISTD_H 1
#define HAVE_DLFCN_H 1
#define LT_OBJDIR ".libs/"
#define STDC_HEADERS 1
#define HAVE_ALLOCA_H 1
#define HAVE_ALLOCA 1
#define SIZEOF_VOIDP 8
#define HAVE_SQRTF 1
#define HAVE_CBRT 1
#define HAVE_CBRTF 1
#define HAVE_FEENABLEEXCEPT 1
#define HAVE_FORTRAN 1
#define FC_FUNC(name,NAME) name ## _
#define FC_FUNC_(name,NAME) name ## _
#define LONG_LINES 1
#define F90_ACCEPTS_LINE_NUMBERS 1
#define FC_INTEGER_SIZE 4
#define CC_FORTRAN_INT int
#define ISO_C_BINDING 1

configure: exit 0
